#
# There is insufficient memory for the Java Runtime Environment to continue.
# Native memory allocation (malloc) failed to allocate 963056 bytes for Chunk::new
# Possible reasons:
#   The system is out of physical RAM or swap space
#   The process is running with CompressedOops enabled, and the Java Heap may be blocking the growth of the native heap
# Possible solutions:
#   Reduce memory load on the system
#   Increase physical memory or swap space
#   Check if swap backing store is full
#   Decrease Java heap size (-Xmx/-Xms)
#   Decrease number of Java threads
#   Decrease Java thread stack sizes (-Xss)
#   Set larger code cache with -XX:ReservedCodeCacheSize=
#   JVM is running with Unscaled Compressed Oops mode in which the Java heap is
#     placed in the first 4GB address space. The Java Heap base address is the
#     maximum limit for the native heap growth. Please use -XX:HeapBaseMinAddress
#     to set the Java Heap base and to place the Java Heap above 4GB virtual address.
# This output file may be truncated or incomplete.
#
#  Out of Memory Error (./src/hotspot/share/memory/arena.cpp:197), pid=9368, tid=8096
#
# JRE version: OpenJDK Runtime Environment (11.0.12+7) (build 11.0.12+7-b1504.28-7817840)
# Java VM: OpenJDK 64-Bit Server VM (11.0.12+7-b1504.28-7817840, mixed mode, tiered, compressed oops, g1 gc, windows-amd64)
# No core dump will be written. Minidumps are not enabled by default on client versions of Windows
#

---------------  S U M M A R Y ------------

Command Line: --add-opens=java.base/java.util=ALL-UNNAMED --add-opens=java.base/java.lang=ALL-UNNAMED --add-opens=java.base/java.lang.invoke=ALL-UNNAMED --add-opens=java.base/java.util=ALL-UNNAMED --add-opens=java.prefs/java.util.prefs=ALL-UNNAMED --add-opens=java.prefs/java.util.prefs=ALL-UNNAMED --add-opens=java.base/java.nio.charset=ALL-UNNAMED --add-opens=java.base/java.net=ALL-UNNAMED --add-opens=java.base/java.util.concurrent.atomic=ALL-UNNAMED -Xmx2048m -Dfile.encoding=UTF-8 -Duser.country=CA -Duser.language=en -Duser.variant org.gradle.launcher.daemon.bootstrap.GradleDaemon 7.3.3

Host: Intel(R) Core(TM) i5-8250U CPU @ 1.60GHz, 8 cores, 15G,  Windows 10 , 64 bit Build 19041 (10.0.19041.1889)
Time: Tue Sep 27 16:10:44 2022 Eastern Daylight Time elapsed time: 14.843089 seconds (0d 0h 0m 14s)

---------------  T H R E A D  ---------------

Current thread (0x000001f14006d000):  JavaThread "C2 CompilerThread1" daemon [_thread_in_native, id=8096, stack(0x0000005f78800000,0x0000005f78900000)]


Current CompileTask:
C2:  14843 3279   !   4       jdk.internal.loader.URLClassPath$JarLoader::getResource (353 bytes)

Stack: [0x0000005f78800000,0x0000005f78900000]
Native frames: (J=compiled Java code, j=interpreted, Vv=VM code, C=native code)
V  [jvm.dll+0x5fbcea]
V  [jvm.dll+0x731905]
V  [jvm.dll+0x732f1d]
V  [jvm.dll+0x7335d3]
V  [jvm.dll+0x247bf8]
V  [jvm.dll+0xc018c]
V  [jvm.dll+0xc06cc]
V  [jvm.dll+0x35b31d]
V  [jvm.dll+0x328803]
V  [jvm.dll+0x327cfa]
V  [jvm.dll+0x200602]
V  [jvm.dll+0x1ff794]
V  [jvm.dll+0x18868c]
V  [jvm.dll+0x20e0d7]
V  [jvm.dll+0x20c901]
V  [jvm.dll+0x6f9b7f]
V  [jvm.dll+0x6f26a5]
V  [jvm.dll+0x5fabf6]
C  [ucrtbase.dll+0x21bb2]
C  [KERNEL32.DLL+0x17034]
C  [ntdll.dll+0x526a1]


---------------  P R O C E S S  ---------------

Threads class SMR info:
_java_thread_list=0x000001f143ef6c60, length=32, elements={
0x000001f124e51000, 0x000001f13fb3c800, 0x000001f13fb42000, 0x000001f13fba6800,
0x000001f13fba7800, 0x000001f13fba9800, 0x000001f13fbb4800, 0x000001f13fbb9000,
0x000001f13fbbc800, 0x000001f13fd26800, 0x000001f1425b1800, 0x000001f1425af800,
0x000001f1425b4800, 0x000001f1425af000, 0x000001f1425b3000, 0x000001f1425b0800,
0x000001f1425b2000, 0x000001f1425b3800, 0x000001f1425b5800, 0x000001f141029800,
0x000001f14102c000, 0x000001f141030000, 0x000001f14102c800, 0x000001f14102d800,
0x000001f14102b000, 0x000001f14102e000, 0x000001f14102a000, 0x000001f141035000,
0x000001f14102f000, 0x000001f141035800, 0x000001f14006d000, 0x000001f1410b8800
}

Java Threads: ( => current thread )
  0x000001f124e51000 JavaThread "main" [_thread_blocked, id=2184, stack(0x0000005f75b00000,0x0000005f75c00000)]
  0x000001f13fb3c800 JavaThread "Reference Handler" daemon [_thread_blocked, id=5324, stack(0x0000005f76200000,0x0000005f76300000)]
  0x000001f13fb42000 JavaThread "Finalizer" daemon [_thread_blocked, id=10188, stack(0x0000005f76300000,0x0000005f76400000)]
  0x000001f13fba6800 JavaThread "Signal Dispatcher" daemon [_thread_blocked, id=3980, stack(0x0000005f76400000,0x0000005f76500000)]
  0x000001f13fba7800 JavaThread "Attach Listener" daemon [_thread_blocked, id=14484, stack(0x0000005f76500000,0x0000005f76600000)]
  0x000001f13fba9800 JavaThread "Service Thread" daemon [_thread_blocked, id=3808, stack(0x0000005f76600000,0x0000005f76700000)]
  0x000001f13fbb4800 JavaThread "C2 CompilerThread0" daemon [_thread_in_native, id=6088, stack(0x0000005f76700000,0x0000005f76800000)]
  0x000001f13fbb9000 JavaThread "C1 CompilerThread0" daemon [_thread_blocked, id=3368, stack(0x0000005f76800000,0x0000005f76900000)]
  0x000001f13fbbc800 JavaThread "Sweeper thread" daemon [_thread_blocked, id=6020, stack(0x0000005f76900000,0x0000005f76a00000)]
  0x000001f13fd26800 JavaThread "Common-Cleaner" daemon [_thread_blocked, id=9976, stack(0x0000005f76a00000,0x0000005f76b00000)]
  0x000001f1425b1800 JavaThread "Daemon health stats" [_thread_blocked, id=640, stack(0x0000005f77300000,0x0000005f77400000)]
  0x000001f1425af800 JavaThread "Incoming local TCP Connector on port 1207" [_thread_in_native, id=584, stack(0x0000005f76c00000,0x0000005f76d00000)]
  0x000001f1425b4800 JavaThread "Daemon periodic checks" [_thread_blocked, id=7080, stack(0x0000005f77200000,0x0000005f77300000)]
  0x000001f1425af000 JavaThread "Daemon" [_thread_blocked, id=7116, stack(0x0000005f77400000,0x0000005f77500000)]
  0x000001f1425b3000 JavaThread "Handler for socket connection from /127.0.0.1:1207 to /127.0.0.1:1208" [_thread_in_native, id=9832, stack(0x0000005f77500000,0x0000005f77600000)]
  0x000001f1425b0800 JavaThread "Cancel handler" [_thread_blocked, id=14064, stack(0x0000005f77600000,0x0000005f77700000)]
  0x000001f1425b2000 JavaThread "Daemon worker" [_thread_blocked, id=9776, stack(0x0000005f77700000,0x0000005f77800000)]
  0x000001f1425b3800 JavaThread "Asynchronous log dispatcher for DefaultDaemonConnection: socket connection from /127.0.0.1:1207 to /127.0.0.1:1208" [_thread_blocked, id=3900, stack(0x0000005f77800000,0x0000005f77900000)]
  0x000001f1425b5800 JavaThread "Stdin handler" [_thread_blocked, id=11324, stack(0x0000005f77900000,0x0000005f77a00000)]
  0x000001f141029800 JavaThread "Daemon client event forwarder" [_thread_blocked, id=6496, stack(0x0000005f77a00000,0x0000005f77b00000)]
  0x000001f14102c000 JavaThread "Cache worker for journal cache (C:\Users\lopez\.gradle\caches\journal-1)" [_thread_blocked, id=11456, stack(0x0000005f77d00000,0x0000005f77e00000)]
  0x000001f141030000 JavaThread "File lock request listener" [_thread_in_native, id=5928, stack(0x0000005f77e00000,0x0000005f77f00000)]
  0x000001f14102c800 JavaThread "Cache worker for file hash cache (C:\Users\lopez\.gradle\caches\7.3.3\fileHashes)" [_thread_in_native, id=11924, stack(0x0000005f77f00000,0x0000005f78000000)]
  0x000001f14102d800 JavaThread "Cache worker for file hash cache (C:\__Android_Projects\ProjetIntegrateur\.gradle\7.3.3\fileHashes)" [_thread_blocked, id=3120, stack(0x0000005f78200000,0x0000005f78300000)]
  0x000001f14102b000 JavaThread "File watcher server" daemon [_thread_in_native, id=10268, stack(0x0000005f78300000,0x0000005f78400000)]
  0x000001f14102e000 JavaThread "File watcher consumer" daemon [_thread_blocked, id=12800, stack(0x0000005f78400000,0x0000005f78500000)]
  0x000001f14102a000 JavaThread "Cache worker for checksums cache (C:\__Android_Projects\ProjetIntegrateur\.gradle\7.3.3\checksums)" [_thread_blocked, id=13308, stack(0x0000005f78100000,0x0000005f78200000)]
  0x000001f141035000 JavaThread "Cache worker for cache directory md-supplier (C:\Users\lopez\.gradle\caches\7.3.3\md-supplier)" [_thread_blocked, id=7640, stack(0x0000005f78500000,0x0000005f78600000)]
  0x000001f14102f000 JavaThread "Cache worker for cache directory md-rule (C:\Users\lopez\.gradle\caches\7.3.3\md-rule)" [_thread_blocked, id=12172, stack(0x0000005f78600000,0x0000005f78700000)]
  0x000001f141035800 JavaThread "Cache worker for execution history cache (C:\Users\lopez\.gradle\caches\7.3.3\executionHistory)" [_thread_blocked, id=8160, stack(0x0000005f78700000,0x0000005f78800000)]
=>0x000001f14006d000 JavaThread "C2 CompilerThread1" daemon [_thread_in_native, id=8096, stack(0x0000005f78800000,0x0000005f78900000)]
  0x000001f1410b8800 JavaThread "C2 CompilerThread2" daemon [_thread_in_native, id=12216, stack(0x0000005f78900000,0x0000005f78a00000)]

Other Threads:
  0x000001f13fb3a800 VMThread "VM Thread" [stack: 0x0000005f76100000,0x0000005f76200000] [id=11208]
  0x000001f13fd32800 WatcherThread [stack: 0x0000005f76b00000,0x0000005f76c00000] [id=4736]
  0x000001f124e69800 GCTaskThread "GC Thread#0" [stack: 0x0000005f75c00000,0x0000005f75d00000] [id=7568]
  0x000001f140292800 GCTaskThread "GC Thread#1" [stack: 0x0000005f76d00000,0x0000005f76e00000] [id=5680]
  0x000001f140aff800 GCTaskThread "GC Thread#2" [stack: 0x0000005f76e00000,0x0000005f76f00000] [id=11416]
  0x000001f140d77000 GCTaskThread "GC Thread#3" [stack: 0x0000005f76f00000,0x0000005f77000000] [id=560]
  0x000001f140d78000 GCTaskThread "GC Thread#4" [stack: 0x0000005f77000000,0x0000005f77100000] [id=10160]
  0x000001f140283800 GCTaskThread "GC Thread#5" [stack: 0x0000005f77100000,0x0000005f77200000] [id=13020]
  0x000001f142670800 GCTaskThread "GC Thread#6" [stack: 0x0000005f77b00000,0x0000005f77c00000] [id=9924]
  0x000001f141607800 GCTaskThread "GC Thread#7" [stack: 0x0000005f77c00000,0x0000005f77d00000] [id=11960]
  0x000001f124e9a800 ConcurrentGCThread "G1 Main Marker" [stack: 0x0000005f75d00000,0x0000005f75e00000] [id=3520]
  0x000001f124e9c800 ConcurrentGCThread "G1 Conc#0" [stack: 0x0000005f75e00000,0x0000005f75f00000] [id=6712]
  0x000001f140c90800 ConcurrentGCThread "G1 Conc#1" [stack: 0x0000005f78000000,0x0000005f78100000] [id=13216]
  0x000001f13f18c800 ConcurrentGCThread "G1 Refine#0" [stack: 0x0000005f75f00000,0x0000005f76000000] [id=13792]
  0x000001f13f18d000 ConcurrentGCThread "G1 Young RemSet Sampling" [stack: 0x0000005f76000000,0x0000005f76100000] [id=14620]

Threads with active compile tasks:
C2 CompilerThread0  14901 3298       4       java.lang.invoke.MethodType::makeImpl (108 bytes)
C1 CompilerThread0  14901 3303  s    3       java.io.BufferedInputStream::read (113 bytes)
C2 CompilerThread1  14901 3279   !   4       jdk.internal.loader.URLClassPath$JarLoader::getResource (353 bytes)
C2 CompilerThread2  14902 3299       4       java.lang.invoke.MethodType$ConcurrentWeakInternSet::get (54 bytes)

VM state:not at safepoint (normal execution)

VM Mutex/Monitor currently owned by a thread: None

Heap address: 0x0000000080000000, size: 2048 MB, Compressed Oops mode: 32-bit
Narrow klass base: 0x0000000000000000, Narrow klass shift: 3
Compressed class space size: 1073741824 Address: 0x0000000100000000

Heap:
 garbage-first heap   total 260096K, used 54238K [0x0000000080000000, 0x0000000100000000)
  region size 1024K, 39 young (39936K), 7 survivors (7168K)
 Metaspace       used 37677K, capacity 38597K, committed 38864K, reserved 1087488K
  class space    used 4866K, capacity 5199K, committed 5328K, reserved 1048576K
Heap Regions: E=young(eden), S=young(survivor), O=old, HS=humongous(starts), HC=humongous(continues), CS=collection set, F=free, A=archive, TAMS=top-at-mark-start (previous, next)
|   0|0x0000000080000000, 0x0000000080100000, 0x0000000080100000|100%| O|  |TAMS 0x0000000080100000, 0x0000000080000000| Untracked 
|   1|0x0000000080100000, 0x0000000080200000, 0x0000000080200000|100%| O|  |TAMS 0x0000000080200000, 0x0000000080100000| Untracked 
|   2|0x0000000080200000, 0x0000000080300000, 0x0000000080300000|100%| O|  |TAMS 0x0000000080300000, 0x0000000080200000| Untracked 
|   3|0x0000000080300000, 0x0000000080400000, 0x0000000080400000|100%|HS|  |TAMS 0x0000000080400000, 0x0000000080300000| Complete 
|   4|0x0000000080400000, 0x0000000080500000, 0x0000000080500000|100%|HC|  |TAMS 0x0000000080500000, 0x0000000080400000| Complete 
|   5|0x0000000080500000, 0x0000000080600000, 0x0000000080600000|100%|HC|  |TAMS 0x0000000080600000, 0x0000000080500000| Complete 
|   6|0x0000000080600000, 0x0000000080700000, 0x0000000080700000|100%| O|  |TAMS 0x0000000080700000, 0x0000000080600000| Untracked 
|   7|0x0000000080700000, 0x0000000080800000, 0x0000000080800000|100%| O|  |TAMS 0x0000000080800000, 0x0000000080700000| Untracked 
|   8|0x0000000080800000, 0x0000000080900000, 0x0000000080900000|100%| O|  |TAMS 0x0000000080900000, 0x0000000080800000| Untracked 
|   9|0x0000000080900000, 0x0000000080a00000, 0x0000000080a00000|100%| O|  |TAMS 0x0000000080a00000, 0x0000000080900000| Untracked 
|  10|0x0000000080a00000, 0x0000000080b00000, 0x0000000080b00000|100%| O|  |TAMS 0x0000000080b00000, 0x0000000080a00000| Untracked 
|  11|0x0000000080b00000, 0x0000000080c00000, 0x0000000080c00000|100%| O|  |TAMS 0x0000000080c00000, 0x0000000080b00000| Untracked 
|  12|0x0000000080c00000, 0x0000000080d00000, 0x0000000080d00000|100%| O|  |TAMS 0x0000000080d00000, 0x0000000080c00000| Untracked 
|  13|0x0000000080d00000, 0x0000000080e00000, 0x0000000080e00000|100%| O|  |TAMS 0x0000000080e00000, 0x0000000080d00000| Untracked 
|  14|0x0000000080e00000, 0x0000000080f00000, 0x0000000080f00000|100%| O|  |TAMS 0x0000000080f00000, 0x0000000080e00000| Untracked 
|  15|0x0000000080f00000, 0x0000000080faf400, 0x0000000081000000| 68%| O|  |TAMS 0x0000000080faf400, 0x0000000080f00000| Untracked 
|  16|0x0000000081000000, 0x0000000081000000, 0x0000000081100000|  0%| F|  |TAMS 0x0000000081000000, 0x0000000081000000| Untracked 
|  17|0x0000000081100000, 0x0000000081100000, 0x0000000081200000|  0%| F|  |TAMS 0x0000000081100000, 0x0000000081100000| Untracked 
|  18|0x0000000081200000, 0x0000000081200000, 0x0000000081300000|  0%| F|  |TAMS 0x0000000081200000, 0x0000000081200000| Untracked 
|  19|0x0000000081300000, 0x0000000081300000, 0x0000000081400000|  0%| F|  |TAMS 0x0000000081300000, 0x0000000081300000| Untracked 
|  20|0x0000000081400000, 0x0000000081400000, 0x0000000081500000|  0%| F|  |TAMS 0x0000000081400000, 0x0000000081400000| Untracked 
|  21|0x0000000081500000, 0x0000000081500000, 0x0000000081600000|  0%| F|  |TAMS 0x0000000081500000, 0x0000000081500000| Untracked 
|  22|0x0000000081600000, 0x0000000081600000, 0x0000000081700000|  0%| F|  |TAMS 0x0000000081600000, 0x0000000081600000| Untracked 
|  23|0x0000000081700000, 0x0000000081700000, 0x0000000081800000|  0%| F|  |TAMS 0x0000000081700000, 0x0000000081700000| Untracked 
|  24|0x0000000081800000, 0x0000000081800000, 0x0000000081900000|  0%| F|  |TAMS 0x0000000081800000, 0x0000000081800000| Untracked 
|  25|0x0000000081900000, 0x0000000081900000, 0x0000000081a00000|  0%| F|  |TAMS 0x0000000081900000, 0x0000000081900000| Untracked 
|  26|0x0000000081a00000, 0x0000000081a00000, 0x0000000081b00000|  0%| F|  |TAMS 0x0000000081a00000, 0x0000000081a00000| Untracked 
|  27|0x0000000081b00000, 0x0000000081b00000, 0x0000000081c00000|  0%| F|  |TAMS 0x0000000081b00000, 0x0000000081b00000| Untracked 
|  28|0x0000000081c00000, 0x0000000081c00000, 0x0000000081d00000|  0%| F|  |TAMS 0x0000000081c00000, 0x0000000081c00000| Untracked 
|  29|0x0000000081d00000, 0x0000000081d00000, 0x0000000081e00000|  0%| F|  |TAMS 0x0000000081d00000, 0x0000000081d00000| Untracked 
|  30|0x0000000081e00000, 0x0000000081e00000, 0x0000000081f00000|  0%| F|  |TAMS 0x0000000081e00000, 0x0000000081e00000| Untracked 
|  31|0x0000000081f00000, 0x0000000081f00000, 0x0000000082000000|  0%| F|  |TAMS 0x0000000081f00000, 0x0000000081f00000| Untracked 
|  32|0x0000000082000000, 0x0000000082000000, 0x0000000082100000|  0%| F|  |TAMS 0x0000000082000000, 0x0000000082000000| Untracked 
|  33|0x0000000082100000, 0x0000000082100000, 0x0000000082200000|  0%| F|  |TAMS 0x0000000082100000, 0x0000000082100000| Untracked 
|  34|0x0000000082200000, 0x0000000082200000, 0x0000000082300000|  0%| F|  |TAMS 0x0000000082200000, 0x0000000082200000| Untracked 
|  35|0x0000000082300000, 0x0000000082300000, 0x0000000082400000|  0%| F|  |TAMS 0x0000000082300000, 0x0000000082300000| Untracked 
|  36|0x0000000082400000, 0x0000000082400000, 0x0000000082500000|  0%| F|  |TAMS 0x0000000082400000, 0x0000000082400000| Untracked 
|  37|0x0000000082500000, 0x0000000082500000, 0x0000000082600000|  0%| F|  |TAMS 0x0000000082500000, 0x0000000082500000| Untracked 
|  38|0x0000000082600000, 0x0000000082600000, 0x0000000082700000|  0%| F|  |TAMS 0x0000000082600000, 0x0000000082600000| Untracked 
|  39|0x0000000082700000, 0x0000000082700000, 0x0000000082800000|  0%| F|  |TAMS 0x0000000082700000, 0x0000000082700000| Untracked 
|  40|0x0000000082800000, 0x0000000082800000, 0x0000000082900000|  0%| F|  |TAMS 0x0000000082800000, 0x0000000082800000| Untracked 
|  41|0x0000000082900000, 0x0000000082900000, 0x0000000082a00000|  0%| F|  |TAMS 0x0000000082900000, 0x0000000082900000| Untracked 
|  42|0x0000000082a00000, 0x0000000082a00000, 0x0000000082b00000|  0%| F|  |TAMS 0x0000000082a00000, 0x0000000082a00000| Untracked 
|  43|0x0000000082b00000, 0x0000000082b00000, 0x0000000082c00000|  0%| F|  |TAMS 0x0000000082b00000, 0x0000000082b00000| Untracked 
|  44|0x0000000082c00000, 0x0000000082c00000, 0x0000000082d00000|  0%| F|  |TAMS 0x0000000082c00000, 0x0000000082c00000| Untracked 
|  45|0x0000000082d00000, 0x0000000082d00000, 0x0000000082e00000|  0%| F|  |TAMS 0x0000000082d00000, 0x0000000082d00000| Untracked 
|  46|0x0000000082e00000, 0x0000000082e00000, 0x0000000082f00000|  0%| F|  |TAMS 0x0000000082e00000, 0x0000000082e00000| Untracked 
|  47|0x0000000082f00000, 0x0000000082f00000, 0x0000000083000000|  0%| F|  |TAMS 0x0000000082f00000, 0x0000000082f00000| Untracked 
|  48|0x0000000083000000, 0x0000000083000000, 0x0000000083100000|  0%| F|  |TAMS 0x0000000083000000, 0x0000000083000000| Untracked 
|  49|0x0000000083100000, 0x0000000083100000, 0x0000000083200000|  0%| F|  |TAMS 0x0000000083100000, 0x0000000083100000| Untracked 
|  50|0x0000000083200000, 0x0000000083200000, 0x0000000083300000|  0%| F|  |TAMS 0x0000000083200000, 0x0000000083200000| Untracked 
|  51|0x0000000083300000, 0x0000000083300000, 0x0000000083400000|  0%| F|  |TAMS 0x0000000083300000, 0x0000000083300000| Untracked 
|  52|0x0000000083400000, 0x0000000083400000, 0x0000000083500000|  0%| F|  |TAMS 0x0000000083400000, 0x0000000083400000| Untracked 
|  53|0x0000000083500000, 0x0000000083500000, 0x0000000083600000|  0%| F|  |TAMS 0x0000000083500000, 0x0000000083500000| Untracked 
|  54|0x0000000083600000, 0x0000000083600000, 0x0000000083700000|  0%| F|  |TAMS 0x0000000083600000, 0x0000000083600000| Untracked 
|  55|0x0000000083700000, 0x0000000083700000, 0x0000000083800000|  0%| F|  |TAMS 0x0000000083700000, 0x0000000083700000| Untracked 
|  56|0x0000000083800000, 0x0000000083800000, 0x0000000083900000|  0%| F|  |TAMS 0x0000000083800000, 0x0000000083800000| Untracked 
|  57|0x0000000083900000, 0x0000000083900000, 0x0000000083a00000|  0%| F|  |TAMS 0x0000000083900000, 0x0000000083900000| Untracked 
|  58|0x0000000083a00000, 0x0000000083a00000, 0x0000000083b00000|  0%| F|  |TAMS 0x0000000083a00000, 0x0000000083a00000| Untracked 
|  59|0x0000000083b00000, 0x0000000083b00000, 0x0000000083c00000|  0%| F|  |TAMS 0x0000000083b00000, 0x0000000083b00000| Untracked 
|  60|0x0000000083c00000, 0x0000000083c00000, 0x0000000083d00000|  0%| F|  |TAMS 0x0000000083c00000, 0x0000000083c00000| Untracked 
|  61|0x0000000083d00000, 0x0000000083d00000, 0x0000000083e00000|  0%| F|  |TAMS 0x0000000083d00000, 0x0000000083d00000| Untracked 
|  62|0x0000000083e00000, 0x0000000083e00000, 0x0000000083f00000|  0%| F|  |TAMS 0x0000000083e00000, 0x0000000083e00000| Untracked 
|  63|0x0000000083f00000, 0x0000000083f00000, 0x0000000084000000|  0%| F|  |TAMS 0x0000000083f00000, 0x0000000083f00000| Untracked 
|  64|0x0000000084000000, 0x0000000084000000, 0x0000000084100000|  0%| F|  |TAMS 0x0000000084000000, 0x0000000084000000| Untracked 
|  65|0x0000000084100000, 0x0000000084100000, 0x0000000084200000|  0%| F|  |TAMS 0x0000000084100000, 0x0000000084100000| Untracked 
|  66|0x0000000084200000, 0x0000000084200000, 0x0000000084300000|  0%| F|  |TAMS 0x0000000084200000, 0x0000000084200000| Untracked 
|  67|0x0000000084300000, 0x0000000084300000, 0x0000000084400000|  0%| F|  |TAMS 0x0000000084300000, 0x0000000084300000| Untracked 
|  68|0x0000000084400000, 0x0000000084400000, 0x0000000084500000|  0%| F|  |TAMS 0x0000000084400000, 0x0000000084400000| Untracked 
|  69|0x0000000084500000, 0x0000000084500000, 0x0000000084600000|  0%| F|  |TAMS 0x0000000084500000, 0x0000000084500000| Untracked 
|  70|0x0000000084600000, 0x0000000084600000, 0x0000000084700000|  0%| F|  |TAMS 0x0000000084600000, 0x0000000084600000| Untracked 
|  71|0x0000000084700000, 0x0000000084700000, 0x0000000084800000|  0%| F|  |TAMS 0x0000000084700000, 0x0000000084700000| Untracked 
|  72|0x0000000084800000, 0x0000000084800000, 0x0000000084900000|  0%| F|  |TAMS 0x0000000084800000, 0x0000000084800000| Untracked 
|  73|0x0000000084900000, 0x0000000084900000, 0x0000000084a00000|  0%| F|  |TAMS 0x0000000084900000, 0x0000000084900000| Untracked 
|  74|0x0000000084a00000, 0x0000000084a00000, 0x0000000084b00000|  0%| F|  |TAMS 0x0000000084a00000, 0x0000000084a00000| Untracked 
|  75|0x0000000084b00000, 0x0000000084b00000, 0x0000000084c00000|  0%| F|  |TAMS 0x0000000084b00000, 0x0000000084b00000| Untracked 
|  76|0x0000000084c00000, 0x0000000084c00000, 0x0000000084d00000|  0%| F|  |TAMS 0x0000000084c00000, 0x0000000084c00000| Untracked 
|  77|0x0000000084d00000, 0x0000000084d00000, 0x0000000084e00000|  0%| F|  |TAMS 0x0000000084d00000, 0x0000000084d00000| Untracked 
|  78|0x0000000084e00000, 0x0000000084e00000, 0x0000000084f00000|  0%| F|  |TAMS 0x0000000084e00000, 0x0000000084e00000| Untracked 
|  79|0x0000000084f00000, 0x0000000084f00000, 0x0000000085000000|  0%| F|  |TAMS 0x0000000084f00000, 0x0000000084f00000| Untracked 
|  80|0x0000000085000000, 0x0000000085000000, 0x0000000085100000|  0%| F|  |TAMS 0x0000000085000000, 0x0000000085000000| Untracked 
|  81|0x0000000085100000, 0x0000000085100000, 0x0000000085200000|  0%| F|  |TAMS 0x0000000085100000, 0x0000000085100000| Untracked 
|  82|0x0000000085200000, 0x0000000085200000, 0x0000000085300000|  0%| F|  |TAMS 0x0000000085200000, 0x0000000085200000| Untracked 
|  83|0x0000000085300000, 0x0000000085300000, 0x0000000085400000|  0%| F|  |TAMS 0x0000000085300000, 0x0000000085300000| Untracked 
|  84|0x0000000085400000, 0x0000000085400000, 0x0000000085500000|  0%| F|  |TAMS 0x0000000085400000, 0x0000000085400000| Untracked 
|  85|0x0000000085500000, 0x0000000085500000, 0x0000000085600000|  0%| F|  |TAMS 0x0000000085500000, 0x0000000085500000| Untracked 
|  86|0x0000000085600000, 0x0000000085600000, 0x0000000085700000|  0%| F|  |TAMS 0x0000000085600000, 0x0000000085600000| Untracked 
|  87|0x0000000085700000, 0x0000000085700000, 0x0000000085800000|  0%| F|  |TAMS 0x0000000085700000, 0x0000000085700000| Untracked 
|  88|0x0000000085800000, 0x0000000085800000, 0x0000000085900000|  0%| F|  |TAMS 0x0000000085800000, 0x0000000085800000| Untracked 
|  89|0x0000000085900000, 0x0000000085900000, 0x0000000085a00000|  0%| F|  |TAMS 0x0000000085900000, 0x0000000085900000| Untracked 
|  90|0x0000000085a00000, 0x0000000085a00000, 0x0000000085b00000|  0%| F|  |TAMS 0x0000000085a00000, 0x0000000085a00000| Untracked 
|  91|0x0000000085b00000, 0x0000000085b00000, 0x0000000085c00000|  0%| F|  |TAMS 0x0000000085b00000, 0x0000000085b00000| Untracked 
|  92|0x0000000085c00000, 0x0000000085c00000, 0x0000000085d00000|  0%| F|  |TAMS 0x0000000085c00000, 0x0000000085c00000| Untracked 
|  93|0x0000000085d00000, 0x0000000085d00000, 0x0000000085e00000|  0%| F|  |TAMS 0x0000000085d00000, 0x0000000085d00000| Untracked 
|  94|0x0000000085e00000, 0x0000000085e00000, 0x0000000085f00000|  0%| F|  |TAMS 0x0000000085e00000, 0x0000000085e00000| Untracked 
|  95|0x0000000085f00000, 0x0000000085f00000, 0x0000000086000000|  0%| F|  |TAMS 0x0000000085f00000, 0x0000000085f00000| Untracked 
|  96|0x0000000086000000, 0x0000000086000000, 0x0000000086100000|  0%| F|  |TAMS 0x0000000086000000, 0x0000000086000000| Untracked 
|  97|0x0000000086100000, 0x0000000086100000, 0x0000000086200000|  0%| F|  |TAMS 0x0000000086100000, 0x0000000086100000| Untracked 
|  98|0x0000000086200000, 0x0000000086200000, 0x0000000086300000|  0%| F|  |TAMS 0x0000000086200000, 0x0000000086200000| Untracked 
|  99|0x0000000086300000, 0x0000000086300000, 0x0000000086400000|  0%| F|  |TAMS 0x0000000086300000, 0x0000000086300000| Untracked 
| 100|0x0000000086400000, 0x0000000086400000, 0x0000000086500000|  0%| F|  |TAMS 0x0000000086400000, 0x0000000086400000| Untracked 
| 101|0x0000000086500000, 0x0000000086500000, 0x0000000086600000|  0%| F|  |TAMS 0x0000000086500000, 0x0000000086500000| Untracked 
| 102|0x0000000086600000, 0x0000000086600000, 0x0000000086700000|  0%| F|  |TAMS 0x0000000086600000, 0x0000000086600000| Untracked 
| 103|0x0000000086700000, 0x0000000086700000, 0x0000000086800000|  0%| F|  |TAMS 0x0000000086700000, 0x0000000086700000| Untracked 
| 104|0x0000000086800000, 0x0000000086800000, 0x0000000086900000|  0%| F|  |TAMS 0x0000000086800000, 0x0000000086800000| Untracked 
| 105|0x0000000086900000, 0x0000000086900000, 0x0000000086a00000|  0%| F|  |TAMS 0x0000000086900000, 0x0000000086900000| Untracked 
| 106|0x0000000086a00000, 0x0000000086a00000, 0x0000000086b00000|  0%| F|  |TAMS 0x0000000086a00000, 0x0000000086a00000| Untracked 
| 107|0x0000000086b00000, 0x0000000086b00000, 0x0000000086c00000|  0%| F|  |TAMS 0x0000000086b00000, 0x0000000086b00000| Untracked 
| 108|0x0000000086c00000, 0x0000000086c00000, 0x0000000086d00000|  0%| F|  |TAMS 0x0000000086c00000, 0x0000000086c00000| Untracked 
| 109|0x0000000086d00000, 0x0000000086d00000, 0x0000000086e00000|  0%| F|  |TAMS 0x0000000086d00000, 0x0000000086d00000| Untracked 
| 110|0x0000000086e00000, 0x0000000086e00000, 0x0000000086f00000|  0%| F|  |TAMS 0x0000000086e00000, 0x0000000086e00000| Untracked 
| 111|0x0000000086f00000, 0x0000000086f00000, 0x0000000087000000|  0%| F|  |TAMS 0x0000000086f00000, 0x0000000086f00000| Untracked 
| 112|0x0000000087000000, 0x0000000087000000, 0x0000000087100000|  0%| F|  |TAMS 0x0000000087000000, 0x0000000087000000| Untracked 
| 113|0x0000000087100000, 0x0000000087100000, 0x0000000087200000|  0%| F|  |TAMS 0x0000000087100000, 0x0000000087100000| Untracked 
| 114|0x0000000087200000, 0x0000000087200000, 0x0000000087300000|  0%| F|  |TAMS 0x0000000087200000, 0x0000000087200000| Untracked 
| 115|0x0000000087300000, 0x0000000087300000, 0x0000000087400000|  0%| F|  |TAMS 0x0000000087300000, 0x0000000087300000| Untracked 
| 116|0x0000000087400000, 0x0000000087400000, 0x0000000087500000|  0%| F|  |TAMS 0x0000000087400000, 0x0000000087400000| Untracked 
| 117|0x0000000087500000, 0x0000000087500000, 0x0000000087600000|  0%| F|  |TAMS 0x0000000087500000, 0x0000000087500000| Untracked 
| 118|0x0000000087600000, 0x0000000087600000, 0x0000000087700000|  0%| F|  |TAMS 0x0000000087600000, 0x0000000087600000| Untracked 
| 119|0x0000000087700000, 0x0000000087700000, 0x0000000087800000|  0%| F|  |TAMS 0x0000000087700000, 0x0000000087700000| Untracked 
| 120|0x0000000087800000, 0x0000000087800000, 0x0000000087900000|  0%| F|  |TAMS 0x0000000087800000, 0x0000000087800000| Untracked 
| 121|0x0000000087900000, 0x0000000087900000, 0x0000000087a00000|  0%| F|  |TAMS 0x0000000087900000, 0x0000000087900000| Untracked 
| 122|0x0000000087a00000, 0x0000000087a00000, 0x0000000087b00000|  0%| F|  |TAMS 0x0000000087a00000, 0x0000000087a00000| Untracked 
| 123|0x0000000087b00000, 0x0000000087b00000, 0x0000000087c00000|  0%| F|  |TAMS 0x0000000087b00000, 0x0000000087b00000| Untracked 
| 124|0x0000000087c00000, 0x0000000087c00000, 0x0000000087d00000|  0%| F|  |TAMS 0x0000000087c00000, 0x0000000087c00000| Untracked 
| 125|0x0000000087d00000, 0x0000000087d00000, 0x0000000087e00000|  0%| F|  |TAMS 0x0000000087d00000, 0x0000000087d00000| Untracked 
| 126|0x0000000087e00000, 0x0000000087e00000, 0x0000000087f00000|  0%| F|  |TAMS 0x0000000087e00000, 0x0000000087e00000| Untracked 
| 127|0x0000000087f00000, 0x0000000087f00000, 0x0000000088000000|  0%| F|  |TAMS 0x0000000087f00000, 0x0000000087f00000| Untracked 
| 128|0x0000000088000000, 0x0000000088000000, 0x0000000088100000|  0%| F|  |TAMS 0x0000000088000000, 0x0000000088000000| Untracked 
| 129|0x0000000088100000, 0x0000000088100000, 0x0000000088200000|  0%| F|  |TAMS 0x0000000088100000, 0x0000000088100000| Untracked 
| 130|0x0000000088200000, 0x0000000088200000, 0x0000000088300000|  0%| F|  |TAMS 0x0000000088200000, 0x0000000088200000| Untracked 
| 131|0x0000000088300000, 0x0000000088300000, 0x0000000088400000|  0%| F|  |TAMS 0x0000000088300000, 0x0000000088300000| Untracked 
| 132|0x0000000088400000, 0x0000000088400000, 0x0000000088500000|  0%| F|  |TAMS 0x0000000088400000, 0x0000000088400000| Untracked 
| 133|0x0000000088500000, 0x0000000088500000, 0x0000000088600000|  0%| F|  |TAMS 0x0000000088500000, 0x0000000088500000| Untracked 
| 134|0x0000000088600000, 0x0000000088600000, 0x0000000088700000|  0%| F|  |TAMS 0x0000000088600000, 0x0000000088600000| Untracked 
| 135|0x0000000088700000, 0x0000000088700000, 0x0000000088800000|  0%| F|  |TAMS 0x0000000088700000, 0x0000000088700000| Untracked 
| 136|0x0000000088800000, 0x0000000088800000, 0x0000000088900000|  0%| F|  |TAMS 0x0000000088800000, 0x0000000088800000| Untracked 
| 137|0x0000000088900000, 0x0000000088900000, 0x0000000088a00000|  0%| F|  |TAMS 0x0000000088900000, 0x0000000088900000| Untracked 
| 138|0x0000000088a00000, 0x0000000088a00000, 0x0000000088b00000|  0%| F|  |TAMS 0x0000000088a00000, 0x0000000088a00000| Untracked 
| 139|0x0000000088b00000, 0x0000000088b00000, 0x0000000088c00000|  0%| F|  |TAMS 0x0000000088b00000, 0x0000000088b00000| Untracked 
| 140|0x0000000088c00000, 0x0000000088c00000, 0x0000000088d00000|  0%| F|  |TAMS 0x0000000088c00000, 0x0000000088c00000| Untracked 
| 141|0x0000000088d00000, 0x0000000088d00000, 0x0000000088e00000|  0%| F|  |TAMS 0x0000000088d00000, 0x0000000088d00000| Untracked 
| 142|0x0000000088e00000, 0x0000000088e00000, 0x0000000088f00000|  0%| F|  |TAMS 0x0000000088e00000, 0x0000000088e00000| Untracked 
| 143|0x0000000088f00000, 0x0000000088f00000, 0x0000000089000000|  0%| F|  |TAMS 0x0000000088f00000, 0x0000000088f00000| Untracked 
| 144|0x0000000089000000, 0x0000000089000000, 0x0000000089100000|  0%| F|  |TAMS 0x0000000089000000, 0x0000000089000000| Untracked 
| 145|0x0000000089100000, 0x0000000089100000, 0x0000000089200000|  0%| F|  |TAMS 0x0000000089100000, 0x0000000089100000| Untracked 
| 146|0x0000000089200000, 0x0000000089200000, 0x0000000089300000|  0%| F|  |TAMS 0x0000000089200000, 0x0000000089200000| Untracked 
| 147|0x0000000089300000, 0x0000000089300000, 0x0000000089400000|  0%| F|  |TAMS 0x0000000089300000, 0x0000000089300000| Untracked 
| 148|0x0000000089400000, 0x0000000089400000, 0x0000000089500000|  0%| F|  |TAMS 0x0000000089400000, 0x0000000089400000| Untracked 
| 149|0x0000000089500000, 0x0000000089500000, 0x0000000089600000|  0%| F|  |TAMS 0x0000000089500000, 0x0000000089500000| Untracked 
| 150|0x0000000089600000, 0x0000000089600000, 0x0000000089700000|  0%| F|  |TAMS 0x0000000089600000, 0x0000000089600000| Untracked 
| 151|0x0000000089700000, 0x0000000089700000, 0x0000000089800000|  0%| F|  |TAMS 0x0000000089700000, 0x0000000089700000| Untracked 
| 152|0x0000000089800000, 0x0000000089800000, 0x0000000089900000|  0%| F|  |TAMS 0x0000000089800000, 0x0000000089800000| Untracked 
| 153|0x0000000089900000, 0x0000000089900000, 0x0000000089a00000|  0%| F|  |TAMS 0x0000000089900000, 0x0000000089900000| Untracked 
| 154|0x0000000089a00000, 0x0000000089a00000, 0x0000000089b00000|  0%| F|  |TAMS 0x0000000089a00000, 0x0000000089a00000| Untracked 
| 155|0x0000000089b00000, 0x0000000089b00000, 0x0000000089c00000|  0%| F|  |TAMS 0x0000000089b00000, 0x0000000089b00000| Untracked 
| 156|0x0000000089c00000, 0x0000000089c00000, 0x0000000089d00000|  0%| F|  |TAMS 0x0000000089c00000, 0x0000000089c00000| Untracked 
| 157|0x0000000089d00000, 0x0000000089d00000, 0x0000000089e00000|  0%| F|  |TAMS 0x0000000089d00000, 0x0000000089d00000| Untracked 
| 158|0x0000000089e00000, 0x0000000089e00000, 0x0000000089f00000|  0%| F|  |TAMS 0x0000000089e00000, 0x0000000089e00000| Untracked 
| 159|0x0000000089f00000, 0x0000000089f00000, 0x000000008a000000|  0%| F|  |TAMS 0x0000000089f00000, 0x0000000089f00000| Untracked 
| 160|0x000000008a000000, 0x000000008a000000, 0x000000008a100000|  0%| F|  |TAMS 0x000000008a000000, 0x000000008a000000| Untracked 
| 161|0x000000008a100000, 0x000000008a100000, 0x000000008a200000|  0%| F|  |TAMS 0x000000008a100000, 0x000000008a100000| Untracked 
| 162|0x000000008a200000, 0x000000008a200000, 0x000000008a300000|  0%| F|  |TAMS 0x000000008a200000, 0x000000008a200000| Untracked 
| 163|0x000000008a300000, 0x000000008a300000, 0x000000008a400000|  0%| F|  |TAMS 0x000000008a300000, 0x000000008a300000| Untracked 
| 164|0x000000008a400000, 0x000000008a400000, 0x000000008a500000|  0%| F|  |TAMS 0x000000008a400000, 0x000000008a400000| Untracked 
| 165|0x000000008a500000, 0x000000008a500000, 0x000000008a600000|  0%| F|  |TAMS 0x000000008a500000, 0x000000008a500000| Untracked 
| 166|0x000000008a600000, 0x000000008a600000, 0x000000008a700000|  0%| F|  |TAMS 0x000000008a600000, 0x000000008a600000| Untracked 
| 167|0x000000008a700000, 0x000000008a700000, 0x000000008a800000|  0%| F|  |TAMS 0x000000008a700000, 0x000000008a700000| Untracked 
| 168|0x000000008a800000, 0x000000008a800000, 0x000000008a900000|  0%| F|  |TAMS 0x000000008a800000, 0x000000008a800000| Untracked 
| 169|0x000000008a900000, 0x000000008a900000, 0x000000008aa00000|  0%| F|  |TAMS 0x000000008a900000, 0x000000008a900000| Untracked 
| 170|0x000000008aa00000, 0x000000008aa00000, 0x000000008ab00000|  0%| F|  |TAMS 0x000000008aa00000, 0x000000008aa00000| Untracked 
| 171|0x000000008ab00000, 0x000000008ab00000, 0x000000008ac00000|  0%| F|  |TAMS 0x000000008ab00000, 0x000000008ab00000| Untracked 
| 172|0x000000008ac00000, 0x000000008ac00000, 0x000000008ad00000|  0%| F|  |TAMS 0x000000008ac00000, 0x000000008ac00000| Untracked 
| 173|0x000000008ad00000, 0x000000008ad00000, 0x000000008ae00000|  0%| F|  |TAMS 0x000000008ad00000, 0x000000008ad00000| Untracked 
| 174|0x000000008ae00000, 0x000000008ae00000, 0x000000008af00000|  0%| F|  |TAMS 0x000000008ae00000, 0x000000008ae00000| Untracked 
| 175|0x000000008af00000, 0x000000008af00000, 0x000000008b000000|  0%| F|  |TAMS 0x000000008af00000, 0x000000008af00000| Untracked 
| 176|0x000000008b000000, 0x000000008b000000, 0x000000008b100000|  0%| F|  |TAMS 0x000000008b000000, 0x000000008b000000| Untracked 
| 177|0x000000008b100000, 0x000000008b100000, 0x000000008b200000|  0%| F|  |TAMS 0x000000008b100000, 0x000000008b100000| Untracked 
| 178|0x000000008b200000, 0x000000008b200000, 0x000000008b300000|  0%| F|  |TAMS 0x000000008b200000, 0x000000008b200000| Untracked 
| 179|0x000000008b300000, 0x000000008b300000, 0x000000008b400000|  0%| F|  |TAMS 0x000000008b300000, 0x000000008b300000| Untracked 
| 180|0x000000008b400000, 0x000000008b400000, 0x000000008b500000|  0%| F|  |TAMS 0x000000008b400000, 0x000000008b400000| Untracked 
| 181|0x000000008b500000, 0x000000008b500000, 0x000000008b600000|  0%| F|  |TAMS 0x000000008b500000, 0x000000008b500000| Untracked 
| 182|0x000000008b600000, 0x000000008b600000, 0x000000008b700000|  0%| F|  |TAMS 0x000000008b600000, 0x000000008b600000| Untracked 
| 183|0x000000008b700000, 0x000000008b700000, 0x000000008b800000|  0%| F|  |TAMS 0x000000008b700000, 0x000000008b700000| Untracked 
| 184|0x000000008b800000, 0x000000008b800000, 0x000000008b900000|  0%| F|  |TAMS 0x000000008b800000, 0x000000008b800000| Untracked 
| 185|0x000000008b900000, 0x000000008b900000, 0x000000008ba00000|  0%| F|  |TAMS 0x000000008b900000, 0x000000008b900000| Untracked 
| 186|0x000000008ba00000, 0x000000008ba00000, 0x000000008bb00000|  0%| F|  |TAMS 0x000000008ba00000, 0x000000008ba00000| Untracked 
| 187|0x000000008bb00000, 0x000000008bb00000, 0x000000008bc00000|  0%| F|  |TAMS 0x000000008bb00000, 0x000000008bb00000| Untracked 
| 188|0x000000008bc00000, 0x000000008bc00000, 0x000000008bd00000|  0%| F|  |TAMS 0x000000008bc00000, 0x000000008bc00000| Untracked 
| 189|0x000000008bd00000, 0x000000008bd00000, 0x000000008be00000|  0%| F|  |TAMS 0x000000008bd00000, 0x000000008bd00000| Untracked 
| 190|0x000000008be00000, 0x000000008be00000, 0x000000008bf00000|  0%| F|  |TAMS 0x000000008be00000, 0x000000008be00000| Untracked 
| 191|0x000000008bf00000, 0x000000008bf00000, 0x000000008c000000|  0%| F|  |TAMS 0x000000008bf00000, 0x000000008bf00000| Untracked 
| 192|0x000000008c000000, 0x000000008c000000, 0x000000008c100000|  0%| F|  |TAMS 0x000000008c000000, 0x000000008c000000| Untracked 
| 193|0x000000008c100000, 0x000000008c100000, 0x000000008c200000|  0%| F|  |TAMS 0x000000008c100000, 0x000000008c100000| Untracked 
| 194|0x000000008c200000, 0x000000008c200000, 0x000000008c300000|  0%| F|  |TAMS 0x000000008c200000, 0x000000008c200000| Untracked 
| 195|0x000000008c300000, 0x000000008c300000, 0x000000008c400000|  0%| F|  |TAMS 0x000000008c300000, 0x000000008c300000| Untracked 
| 196|0x000000008c400000, 0x000000008c400000, 0x000000008c500000|  0%| F|  |TAMS 0x000000008c400000, 0x000000008c400000| Untracked 
| 197|0x000000008c500000, 0x000000008c500000, 0x000000008c600000|  0%| F|  |TAMS 0x000000008c500000, 0x000000008c500000| Untracked 
| 198|0x000000008c600000, 0x000000008c600000, 0x000000008c700000|  0%| F|  |TAMS 0x000000008c600000, 0x000000008c600000| Untracked 
| 199|0x000000008c700000, 0x000000008c700000, 0x000000008c800000|  0%| F|  |TAMS 0x000000008c700000, 0x000000008c700000| Untracked 
| 200|0x000000008c800000, 0x000000008c800000, 0x000000008c900000|  0%| F|  |TAMS 0x000000008c800000, 0x000000008c800000| Untracked 
| 201|0x000000008c900000, 0x000000008c900000, 0x000000008ca00000|  0%| F|  |TAMS 0x000000008c900000, 0x000000008c900000| Untracked 
| 202|0x000000008ca00000, 0x000000008ca00000, 0x000000008cb00000|  0%| F|  |TAMS 0x000000008ca00000, 0x000000008ca00000| Untracked 
| 203|0x000000008cb00000, 0x000000008cb00000, 0x000000008cc00000|  0%| F|  |TAMS 0x000000008cb00000, 0x000000008cb00000| Untracked 
| 204|0x000000008cc00000, 0x000000008cc00000, 0x000000008cd00000|  0%| F|  |TAMS 0x000000008cc00000, 0x000000008cc00000| Untracked 
| 205|0x000000008cd00000, 0x000000008cd00000, 0x000000008ce00000|  0%| F|  |TAMS 0x000000008cd00000, 0x000000008cd00000| Untracked 
| 206|0x000000008ce00000, 0x000000008ce00000, 0x000000008cf00000|  0%| F|  |TAMS 0x000000008ce00000, 0x000000008ce00000| Untracked 
| 207|0x000000008cf00000, 0x000000008cf00000, 0x000000008d000000|  0%| F|  |TAMS 0x000000008cf00000, 0x000000008cf00000| Untracked 
| 208|0x000000008d000000, 0x000000008d000000, 0x000000008d100000|  0%| F|  |TAMS 0x000000008d000000, 0x000000008d000000| Untracked 
| 209|0x000000008d100000, 0x000000008d100000, 0x000000008d200000|  0%| F|  |TAMS 0x000000008d100000, 0x000000008d100000| Untracked 
| 210|0x000000008d200000, 0x000000008d200000, 0x000000008d300000|  0%| F|  |TAMS 0x000000008d200000, 0x000000008d200000| Untracked 
| 211|0x000000008d300000, 0x000000008d300000, 0x000000008d400000|  0%| F|  |TAMS 0x000000008d300000, 0x000000008d300000| Untracked 
| 212|0x000000008d400000, 0x000000008d400000, 0x000000008d500000|  0%| F|  |TAMS 0x000000008d400000, 0x000000008d400000| Untracked 
| 213|0x000000008d500000, 0x000000008d500000, 0x000000008d600000|  0%| F|  |TAMS 0x000000008d500000, 0x000000008d500000| Untracked 
| 214|0x000000008d600000, 0x000000008d648480, 0x000000008d700000| 28%| S|CS|TAMS 0x000000008d600000, 0x000000008d600000| Complete 
| 215|0x000000008d700000, 0x000000008d800000, 0x000000008d800000|100%| S|CS|TAMS 0x000000008d700000, 0x000000008d700000| Complete 
| 216|0x000000008d800000, 0x000000008d900000, 0x000000008d900000|100%| S|CS|TAMS 0x000000008d800000, 0x000000008d800000| Complete 
| 217|0x000000008d900000, 0x000000008da00000, 0x000000008da00000|100%| S|CS|TAMS 0x000000008d900000, 0x000000008d900000| Complete 
| 218|0x000000008da00000, 0x000000008db00000, 0x000000008db00000|100%| S|CS|TAMS 0x000000008da00000, 0x000000008da00000| Complete 
| 219|0x000000008db00000, 0x000000008dc00000, 0x000000008dc00000|100%| S|CS|TAMS 0x000000008db00000, 0x000000008db00000| Complete 
| 220|0x000000008dc00000, 0x000000008dd00000, 0x000000008dd00000|100%| S|CS|TAMS 0x000000008dc00000, 0x000000008dc00000| Complete 
| 221|0x000000008dd00000, 0x000000008dd80800, 0x000000008de00000| 50%| E|  |TAMS 0x000000008dd00000, 0x000000008dd00000| Complete 
| 222|0x000000008de00000, 0x000000008df00000, 0x000000008df00000|100%| E|CS|TAMS 0x000000008de00000, 0x000000008de00000| Complete 
| 223|0x000000008df00000, 0x000000008e000000, 0x000000008e000000|100%| E|CS|TAMS 0x000000008df00000, 0x000000008df00000| Complete 
| 224|0x000000008e000000, 0x000000008e100000, 0x000000008e100000|100%| E|CS|TAMS 0x000000008e000000, 0x000000008e000000| Complete 
| 225|0x000000008e100000, 0x000000008e200000, 0x000000008e200000|100%| E|CS|TAMS 0x000000008e100000, 0x000000008e100000| Complete 
| 226|0x000000008e200000, 0x000000008e300000, 0x000000008e300000|100%| E|CS|TAMS 0x000000008e200000, 0x000000008e200000| Complete 
| 227|0x000000008e300000, 0x000000008e400000, 0x000000008e400000|100%| E|CS|TAMS 0x000000008e300000, 0x000000008e300000| Complete 
| 228|0x000000008e400000, 0x000000008e500000, 0x000000008e500000|100%| E|CS|TAMS 0x000000008e400000, 0x000000008e400000| Complete 
| 229|0x000000008e500000, 0x000000008e600000, 0x000000008e600000|100%| E|CS|TAMS 0x000000008e500000, 0x000000008e500000| Complete 
| 230|0x000000008e600000, 0x000000008e700000, 0x000000008e700000|100%| E|CS|TAMS 0x000000008e600000, 0x000000008e600000| Complete 
| 231|0x000000008e700000, 0x000000008e800000, 0x000000008e800000|100%| E|CS|TAMS 0x000000008e700000, 0x000000008e700000| Complete 
| 232|0x000000008e800000, 0x000000008e900000, 0x000000008e900000|100%| E|CS|TAMS 0x000000008e800000, 0x000000008e800000| Complete 
| 233|0x000000008e900000, 0x000000008ea00000, 0x000000008ea00000|100%| E|CS|TAMS 0x000000008e900000, 0x000000008e900000| Complete 
| 234|0x000000008ea00000, 0x000000008eb00000, 0x000000008eb00000|100%| E|CS|TAMS 0x000000008ea00000, 0x000000008ea00000| Complete 
| 235|0x000000008eb00000, 0x000000008ec00000, 0x000000008ec00000|100%| E|CS|TAMS 0x000000008eb00000, 0x000000008eb00000| Complete 
| 236|0x000000008ec00000, 0x000000008ed00000, 0x000000008ed00000|100%| E|CS|TAMS 0x000000008ec00000, 0x000000008ec00000| Complete 
| 237|0x000000008ed00000, 0x000000008ee00000, 0x000000008ee00000|100%| E|CS|TAMS 0x000000008ed00000, 0x000000008ed00000| Complete 
| 238|0x000000008ee00000, 0x000000008ef00000, 0x000000008ef00000|100%| E|CS|TAMS 0x000000008ee00000, 0x000000008ee00000| Complete 
| 239|0x000000008ef00000, 0x000000008f000000, 0x000000008f000000|100%| E|CS|TAMS 0x000000008ef00000, 0x000000008ef00000| Complete 
| 240|0x000000008f000000, 0x000000008f100000, 0x000000008f100000|100%| E|CS|TAMS 0x000000008f000000, 0x000000008f000000| Complete 
| 241|0x000000008f100000, 0x000000008f200000, 0x000000008f200000|100%| E|CS|TAMS 0x000000008f100000, 0x000000008f100000| Complete 
| 242|0x000000008f200000, 0x000000008f300000, 0x000000008f300000|100%| E|CS|TAMS 0x000000008f200000, 0x000000008f200000| Complete 
| 243|0x000000008f300000, 0x000000008f400000, 0x000000008f400000|100%| E|CS|TAMS 0x000000008f300000, 0x000000008f300000| Complete 
| 244|0x000000008f400000, 0x000000008f500000, 0x000000008f500000|100%| E|CS|TAMS 0x000000008f400000, 0x000000008f400000| Complete 
| 245|0x000000008f500000, 0x000000008f600000, 0x000000008f600000|100%| E|CS|TAMS 0x000000008f500000, 0x000000008f500000| Complete 
| 246|0x000000008f600000, 0x000000008f700000, 0x000000008f700000|100%| E|CS|TAMS 0x000000008f600000, 0x000000008f600000| Complete 
| 247|0x000000008f700000, 0x000000008f800000, 0x000000008f800000|100%| E|CS|TAMS 0x000000008f700000, 0x000000008f700000| Complete 
| 248|0x000000008f800000, 0x000000008f900000, 0x000000008f900000|100%| E|CS|TAMS 0x000000008f800000, 0x000000008f800000| Complete 
| 249|0x000000008f900000, 0x000000008fa00000, 0x000000008fa00000|100%| E|CS|TAMS 0x000000008f900000, 0x000000008f900000| Complete 
| 250|0x000000008fa00000, 0x000000008fb00000, 0x000000008fb00000|100%| E|CS|TAMS 0x000000008fa00000, 0x000000008fa00000| Complete 
| 251|0x000000008fb00000, 0x000000008fc00000, 0x000000008fc00000|100%| E|CS|TAMS 0x000000008fb00000, 0x000000008fb00000| Complete 
| 252|0x000000008fc00000, 0x000000008fd00000, 0x000000008fd00000|100%| E|CS|TAMS 0x000000008fc00000, 0x000000008fc00000| Complete 
| 253|0x000000008fd00000, 0x000000008fe00000, 0x000000008fe00000|100%| E|CS|TAMS 0x000000008fd00000, 0x000000008fd00000| Complete 

Card table byte_map: [0x000001f138090000,0x000001f138490000] _byte_map_base: 0x000001f137c90000

Marking Bits (Prev, Next): (CMBitMap*) 0x000001f124e91dd8, (CMBitMap*) 0x000001f124e91e10
 Prev Bits: [0x000001f138890000, 0x000001f13a890000)
 Next Bits: [0x000001f13a890000, 0x000001f13c890000)

Polling page: 0x000001f122d10000

Metaspace:

Usage:
  Non-class:     32.77 MB capacity,    32.16 MB ( 98%) used,   536.21 KB (  2%) free+waste,    84.69 KB ( <1%) overhead. 
      Class:      5.09 MB capacity,     4.77 MB ( 94%) used,   284.65 KB (  5%) free+waste,    40.75 KB ( <1%) overhead. 
       Both:     37.86 MB capacity,    36.93 MB ( 98%) used,   820.86 KB (  2%) free+waste,   125.44 KB ( <1%) overhead. 

Virtual space:
  Non-class space:       38.00 MB reserved,      33.00 MB ( 87%) committed 
      Class space:        1.00 GB reserved,       5.20 MB ( <1%) committed 
             Both:        1.04 GB reserved,      38.20 MB (  4%) committed 

Chunk freelists:
   Non-Class:  46.00 KB
       Class:  3.00 KB
        Both:  47.00 KB

MaxMetaspaceSize: 17179869184.00 GB
CompressedClassSpaceSize: 1.00 GB
Initial GC threshold: 20.80 MB
Current GC threshold: 58.88 MB
CDS: off

CodeHeap 'non-profiled nmethods': size=120000Kb used=1707Kb max_used=1707Kb free=118292Kb
 bounds [0x000001f130430000, 0x000001f1306a0000, 0x000001f137960000]
CodeHeap 'profiled nmethods': size=120000Kb used=6841Kb max_used=6841Kb free=113159Kb
 bounds [0x000001f128f00000, 0x000001f1295b0000, 0x000001f130430000]
CodeHeap 'non-nmethods': size=5760Kb used=1587Kb max_used=1649Kb free=4173Kb
 bounds [0x000001f128960000, 0x000001f128bd0000, 0x000001f128f00000]
 total_blobs=3920 nmethods=3297 adapters=535
 compilation: enabled
              stopped_count=0, restarted_count=0
 full_count=0

Compilation events (20 events):
Event: 14.779 Thread 0x000001f13fbb9000 nmethod 3286 0x000001f12959b710 code [0x000001f12959bd80, 0x000001f12959f9c8]
Event: 14.779 Thread 0x000001f13fbb9000 3287       3       java.util.concurrent.locks.ReentrantLock::lock (9 bytes)
Event: 14.780 Thread 0x000001f13fbb9000 nmethod 3287 0x000001f1295a1190 code [0x000001f1295a13a0, 0x000001f1295a17d8]
Event: 14.793 Thread 0x000001f13fbb9000 3288   !   2       java.net.URLClassLoader$1::run (63 bytes)
Event: 14.793 Thread 0x000001f13fbb9000 nmethod 3288 0x000001f1295a1990 code [0x000001f1295a1b80, 0x000001f1295a1e48]
Event: 14.793 Thread 0x000001f13fbb9000 3289       3       jdk.internal.loader.Resource::<init> (5 bytes)
Event: 14.794 Thread 0x000001f13fbb9000 nmethod 3289 0x000001f1295a2090 code [0x000001f1295a2240, 0x000001f1295a2398]
Event: 14.797 Thread 0x000001f13fbb9000 3290   !   3       jdk.internal.loader.URLClassPath$JarLoader::checkResource (78 bytes)
Event: 14.798 Thread 0x000001f13fbb9000 nmethod 3290 0x000001f1295a2490 code [0x000001f1295a26e0, 0x000001f1295a3088]
Event: 14.798 Thread 0x000001f13fbb9000 3291       3       jdk.internal.loader.URLClassPath$JarLoader$2::<init> (26 bytes)
Event: 14.798 Thread 0x000001f13fbb9000 nmethod 3291 0x000001f1295a3510 code [0x000001f1295a36e0, 0x000001f1295a3a18]
Event: 14.802 Thread 0x000001f13fbb4800 nmethod 3231 0x000001f1305cc010 code [0x000001f1305cc340, 0x000001f1305ceaa0]
Event: 14.802 Thread 0x000001f13fbb4800 3280       4       jdk.internal.loader.URLClassPath::getResource (74 bytes)
Event: 14.824 Thread 0x000001f1410b8800 nmethod 3234 0x000001f1305cf790 code [0x000001f1305cfb20, 0x000001f1305d2ff8]
Event: 14.824 Thread 0x000001f1410b8800 3274   !   4       jdk.internal.loader.URLClassPath$JarLoader::getResource (65 bytes)
Event: 14.825 Thread 0x000001f13fbb9000 3292       1       org.slf4j.impl.StaticLoggerBinder::getLoggerFactory (5 bytes)
Event: 14.825 Thread 0x000001f13fbb9000 nmethod 3292 0x000001f1305d4a90 code [0x000001f1305d4c40, 0x000001f1305d4cf8]
Event: 14.827 Thread 0x000001f13fbb4800 nmethod 3280 0x000001f1305d4d90 code [0x000001f1305d5060, 0x000001f1305d5b48]
Event: 14.828 Thread 0x000001f13fbb4800 3275       4       java.util.HashMap::containsKey (18 bytes)
Event: 14.834 Thread 0x000001f13fbb4800 nmethod 3275 0x000001f1305d6310 code [0x000001f1305d64c0, 0x000001f1305d6758]

GC Heap History (12 events):
Event: 1.176 GC heap before
{Heap before GC invocations=0 (full 0):
 garbage-first heap   total 260096K, used 30720K [0x0000000080000000, 0x0000000100000000)
  region size 1024K, 24 young (24576K), 0 survivors (0K)
 Metaspace       used 10225K, capacity 10427K, committed 10624K, reserved 1058816K
  class space    used 1072K, capacity 1141K, committed 1152K, reserved 1048576K
}
Event: 1.192 GC heap after
{Heap after GC invocations=1 (full 0):
 garbage-first heap   total 260096K, used 9286K [0x0000000080000000, 0x0000000100000000)
  region size 1024K, 3 young (3072K), 3 survivors (3072K)
 Metaspace       used 10225K, capacity 10427K, committed 10624K, reserved 1058816K
  class space    used 1072K, capacity 1141K, committed 1152K, reserved 1048576K
}
Event: 1.815 GC heap before
{Heap before GC invocations=1 (full 0):
 garbage-first heap   total 260096K, used 30790K [0x0000000080000000, 0x0000000100000000)
  region size 1024K, 24 young (24576K), 3 survivors (3072K)
 Metaspace       used 11179K, capacity 11382K, committed 11520K, reserved 1058816K
  class space    used 1174K, capacity 1246K, committed 1280K, reserved 1048576K
}
Event: 1.819 GC heap after
{Heap after GC invocations=2 (full 0):
 garbage-first heap   total 260096K, used 10150K [0x0000000080000000, 0x0000000100000000)
  region size 1024K, 1 young (1024K), 1 survivors (1024K)
 Metaspace       used 11179K, capacity 11382K, committed 11520K, reserved 1058816K
  class space    used 1174K, capacity 1246K, committed 1280K, reserved 1048576K
}
Event: 6.130 GC heap before
{Heap before GC invocations=2 (full 0):
 garbage-first heap   total 260096K, used 63398K [0x0000000080000000, 0x0000000100000000)
  region size 1024K, 53 young (54272K), 1 survivors (1024K)
 Metaspace       used 17606K, capacity 17977K, committed 18176K, reserved 1064960K
  class space    used 2091K, capacity 2211K, committed 2304K, reserved 1048576K
}
Event: 6.207 GC heap after
{Heap after GC invocations=3 (full 0):
 garbage-first heap   total 260096K, used 16316K [0x0000000080000000, 0x0000000100000000)
  region size 1024K, 7 young (7168K), 7 survivors (7168K)
 Metaspace       used 17606K, capacity 17977K, committed 18176K, reserved 1064960K
  class space    used 2091K, capacity 2211K, committed 2304K, reserved 1048576K
}
Event: 7.350 GC heap before
{Heap before GC invocations=3 (full 0):
 garbage-first heap   total 260096K, used 44988K [0x0000000080000000, 0x0000000100000000)
  region size 1024K, 36 young (36864K), 7 survivors (7168K)
 Metaspace       used 20783K, capacity 21159K, committed 21296K, reserved 1069056K
  class space    used 2568K, capacity 2718K, committed 2816K, reserved 1048576K
}
Event: 7.365 GC heap after
{Heap after GC invocations=4 (full 0):
 garbage-first heap   total 260096K, used 17279K [0x0000000080000000, 0x0000000100000000)
  region size 1024K, 2 young (2048K), 2 survivors (2048K)
 Metaspace       used 20783K, capacity 21159K, committed 21296K, reserved 1069056K
  class space    used 2568K, capacity 2718K, committed 2816K, reserved 1048576K
}
Event: 12.568 GC heap before
{Heap before GC invocations=5 (full 0):
 garbage-first heap   total 260096K, used 96127K [0x0000000080000000, 0x0000000100000000)
  region size 1024K, 80 young (81920K), 2 survivors (2048K)
 Metaspace       used 28793K, capacity 29430K, committed 29696K, reserved 1075200K
  class space    used 3812K, capacity 4062K, committed 4096K, reserved 1048576K
}
Event: 12.577 GC heap after
{Heap after GC invocations=6 (full 0):
 garbage-first heap   total 260096K, used 19863K [0x0000000080000000, 0x0000000100000000)
  region size 1024K, 4 young (4096K), 4 survivors (4096K)
 Metaspace       used 28793K, capacity 29430K, committed 29696K, reserved 1075200K
  class space    used 3812K, capacity 4062K, committed 4096K, reserved 1048576K
}
Event: 14.000 GC heap before
{Heap before GC invocations=6 (full 0):
 garbage-first heap   total 260096K, used 52631K [0x0000000080000000, 0x0000000100000000)
  region size 1024K, 37 young (37888K), 4 survivors (4096K)
 Metaspace       used 35008K, capacity 35823K, committed 35920K, reserved 1081344K
  class space    used 4555K, capacity 4875K, committed 4944K, reserved 1048576K
}
Event: 14.015 GC heap after
{Heap after GC invocations=7 (full 0):
 garbage-first heap   total 260096K, used 22494K [0x0000000080000000, 0x0000000100000000)
  region size 1024K, 7 young (7168K), 7 survivors (7168K)
 Metaspace       used 35008K, capacity 35823K, committed 35920K, reserved 1081344K
  class space    used 4555K, capacity 4875K, committed 4944K, reserved 1048576K
}

Deoptimization events (20 events):
Event: 14.772 Thread 0x000001f1425b1800 Uncommon trap: trap_request=0xffffffbe fr.pc=0x000001f1305b4034 relative=0x0000000000000534
Event: 14.772 Thread 0x000001f1425b1800 Uncommon trap: reason=profile_predicate action=maybe_recompile pc=0x000001f1305b4034 method=java.util.stream.ReferencePipeline.forEachWithCancel(Ljava/util/Spliterator;Ljava/util/stream/Sink;)Z @ 8 c2
Event: 14.772 Thread 0x000001f1425b1800 DEOPT PACKING pc=0x000001f1305b4034 sp=0x0000005f773fe850
Event: 14.772 Thread 0x000001f1425b1800 DEOPT UNPACKING pc=0x000001f1289aa1af sp=0x0000005f773fe7f0 mode 2
Event: 14.772 Thread 0x000001f1425b1800 Uncommon trap: trap_request=0xffffffc6 fr.pc=0x000001f1305c7dd0 relative=0x0000000000000090
Event: 14.772 Thread 0x000001f1425b1800 Uncommon trap: reason=bimorphic_or_optimized_type_check action=maybe_recompile pc=0x000001f1305c7dd0 method=java.util.stream.Sink$ChainedReference.cancellationRequested()Z @ 4 c2
Event: 14.772 Thread 0x000001f1425b1800 DEOPT PACKING pc=0x000001f1305c7dd0 sp=0x0000005f773fe7f0
Event: 14.772 Thread 0x000001f1425b1800 DEOPT UNPACKING pc=0x000001f1289aa1af sp=0x0000005f773fe780 mode 2
Event: 14.772 Thread 0x000001f1425b1800 Uncommon trap: trap_request=0xffffffc6 fr.pc=0x000001f1305c7dd0 relative=0x0000000000000090
Event: 14.772 Thread 0x000001f1425b1800 Uncommon trap: reason=bimorphic_or_optimized_type_check action=maybe_recompile pc=0x000001f1305c7dd0 method=java.util.stream.Sink$ChainedReference.cancellationRequested()Z @ 4 c2
Event: 14.772 Thread 0x000001f1425b1800 DEOPT PACKING pc=0x000001f1305c7dd0 sp=0x0000005f773fe7f0
Event: 14.772 Thread 0x000001f1425b1800 DEOPT UNPACKING pc=0x000001f1289aa1af sp=0x0000005f773fe780 mode 2
Event: 14.772 Thread 0x000001f1425b1800 Uncommon trap: trap_request=0xffffffc6 fr.pc=0x000001f1305c7dd0 relative=0x0000000000000090
Event: 14.772 Thread 0x000001f1425b1800 Uncommon trap: reason=bimorphic_or_optimized_type_check action=maybe_recompile pc=0x000001f1305c7dd0 method=java.util.stream.Sink$ChainedReference.cancellationRequested()Z @ 4 c2
Event: 14.772 Thread 0x000001f1425b1800 DEOPT PACKING pc=0x000001f1305c7dd0 sp=0x0000005f773fe7f0
Event: 14.772 Thread 0x000001f1425b1800 DEOPT UNPACKING pc=0x000001f1289aa1af sp=0x0000005f773fe780 mode 2
Event: 14.792 Thread 0x000001f1425b2000 Uncommon trap: trap_request=0xffffffde fr.pc=0x000001f1305c5dd0 relative=0x0000000000000090
Event: 14.792 Thread 0x000001f1425b2000 Uncommon trap: reason=class_check action=maybe_recompile pc=0x000001f1305c5dd0 method=java.util.regex.Pattern$Node.study(Ljava/util/regex/Pattern$TreeInfo;)Z @ 12 c2
Event: 14.792 Thread 0x000001f1425b2000 DEOPT PACKING pc=0x000001f1305c5dd0 sp=0x0000005f777f9100
Event: 14.792 Thread 0x000001f1425b2000 DEOPT UNPACKING pc=0x000001f1289aa1af sp=0x0000005f777f9088 mode 2

Classes redefined (0 events):
No events

Internal exceptions (20 events):
Event: 12.935 Thread 0x000001f1425b2000 Exception <a 'java/lang/NoSuchMethodError'{0x000000008f8c7ac0}: 'java.lang.Object java.lang.invoke.Invokers$Holder.linkToTargetMethod(java.lang.Object, java.lang.Object, java.lang.Object, java.lang.Object, java.lang.Object, java.lang.Object, java.lang.Object)'> (0x000000008f8c7ac0) thrown at [./src/hotspot/share/interpreter/linkResolver.cpp, line 773]
Event: 12.944 Thread 0x000001f1425b2000 Exception <a 'java/lang/IncompatibleClassChangeError'{0x000000008f706800}: Found class java.lang.Object, but interface was expected> (0x000000008f706800) thrown at [./src/hotspot/share/interpreter/linkResolver.cpp, line 839]
Event: 13.649 Thread 0x000001f1425b2000 Exception <a 'java/lang/NoSuchMethodError'{0x000000008e474868}: 'void java.lang.invoke.DirectMethodHandle$Holder.invokeStaticInit(java.lang.Object, java.lang.Object, java.lang.Object)'> (0x000000008e474868) thrown at [./src/hotspot/share/interpreter/linkResolver.cpp, line 773]
Event: 13.650 Thread 0x000001f1425b2000 Exception <a 'java/lang/NoSuchMethodError'{0x000000008e47bac0}: 'void java.lang.invoke.DirectMethodHandle$Holder.invokeStaticInit(java.lang.Object, java.lang.Object, java.lang.Object, java.lang.Object)'> (0x000000008e47bac0) thrown at [./src/hotspot/share/interpreter/linkResolver.cpp, line 773]
Event: 13.655 Thread 0x000001f1425b2000 Exception <a 'java/lang/NoSuchMethodError'{0x000000008e49e368}: 'void java.lang.invoke.DirectMethodHandle$Holder.invokeStaticInit(java.lang.Object, java.lang.Object, java.lang.Object, java.lang.Object, java.lang.Object)'> (0x000000008e49e368) thrown at [./src/hotspot/share/interpreter/linkResolver.cpp, line 773]
Event: 13.716 Thread 0x000001f1425b2000 Exception <a 'java/lang/NoSuchMethodError'{0x000000008e4fca90}: 'int java.lang.invoke.DirectMethodHandle$Holder.invokeStaticInit(java.lang.Object, java.lang.Object, java.lang.Object, java.lang.Object)'> (0x000000008e4fca90) thrown at [./src/hotspot/share/interpreter/linkResolver.cpp, line 773]
Event: 14.076 Thread 0x000001f1425b2000 Exception <a 'java/lang/NoSuchMethodError'{0x000000008fc72090}: 'java.lang.Object java.lang.invoke.DirectMethodHandle$Holder.invokeStatic(java.lang.Object, java.lang.Object, java.lang.Object, java.lang.Object, java.lang.Object, java.lang.Object, java.lang.Object, java.lang.Object, java.lang.Object, java.lang.Object, java.lang.Object, int)'> (0x000000008fc72090) thrown at [./src/hotspot/share/interpreter/linkResolver.cpp, line 773]
Event: 14.079 Thread 0x000001f1425b2000 Exception <a 'java/lang/NoSuchMethodError'{0x000000008fc90d00}: 'java.lang.Object java.lang.invoke.DirectMethodHandle$Holder.invokeStatic(java.lang.Object, java.lang.Object, java.lang.Object, java.lang.Object, java.lang.Object, java.lang.Object, java.lang.Object, java.lang.Object, java.lang.Object, java.lang.Object, java.lang.Object, int, int)'> (0x000000008fc90d00) thrown at [./src/hotspot/share/interpreter/linkResolver.cpp, line 773]
Event: 14.089 Thread 0x000001f1425b2000 Exception <a 'java/lang/NoSuchMethodError'{0x000000008fcb0530}: 'java.lang.Object java.lang.invoke.DirectMethodHandle$Holder.invokeStatic(java.lang.Object, java.lang.Object, java.lang.Object, java.lang.Object, java.lang.Object, java.lang.Object, java.lang.Object, java.lang.Object, java.lang.Object, java.lang.Object, java.lang.Object, int, int, java.lang.Object)'> (0x000000008fcb0530) thrown at [./src/hotspot/share/interpreter/linkResolver.cpp, line 773]
Event: 14.095 Thread 0x000001f1425b2000 Exception <a 'java/lang/NoSuchMethodError'{0x000000008fcd1628}: 'java.lang.Object java.lang.invoke.DirectMethodHandle$Holder.invokeStatic(java.lang.Object, java.lang.Object, java.lang.Object, java.lang.Object, java.lang.Object, java.lang.Object, java.lang.Object, java.lang.Object, java.lang.Object, java.lang.Object, java.lang.Object, int, int, java.lang.Object, java.lang.Object)'> (0x000000008fcd1628) thrown at [./src/hotspot/share/interpreter/linkResolver.cpp, line 773]
Event: 14.104 Thread 0x000001f1425b2000 Exception <a 'java/lang/ClassNotFoundException'{0x000000008fb016a8}: groovy/lang/ExpandoMetaClassBeanInfo> (0x000000008fb016a8) thrown at [./src/hotspot/share/classfile/systemDictionary.cpp, line 231]
Event: 14.109 Thread 0x000001f1425b2000 Exception <a 'java/lang/ClassNotFoundException'{0x000000008fb21718}: groovy/lang/MetaClassImplBeanInfo> (0x000000008fb21718) thrown at [./src/hotspot/share/classfile/systemDictionary.cpp, line 231]
Event: 14.109 Thread 0x000001f1425b2000 Exception <a 'java/lang/ClassNotFoundException'{0x000000008fb2a9d0}: java/lang/ObjectBeanInfo> (0x000000008fb2a9d0) thrown at [./src/hotspot/share/classfile/systemDictionary.cpp, line 231]
Event: 14.113 Thread 0x000001f1425b2000 Exception <a 'java/lang/ClassNotFoundException'{0x000000008fb360c8}: java/lang/ObjectCustomizer> (0x000000008fb360c8) thrown at [./src/hotspot/share/classfile/systemDictionary.cpp, line 231]
Event: 14.124 Thread 0x000001f1425b2000 Exception <a 'java/lang/ClassNotFoundException'{0x000000008fb5d1b0}: groovy/lang/MetaClassImplCustomizer> (0x000000008fb5d1b0) thrown at [./src/hotspot/share/classfile/systemDictionary.cpp, line 231]
Event: 14.131 Thread 0x000001f1425b2000 Exception <a 'java/lang/ClassNotFoundException'{0x000000008fb9be60}: groovy/lang/ExpandoMetaClassCustomizer> (0x000000008fb9be60) thrown at [./src/hotspot/share/classfile/systemDictionary.cpp, line 231]
Event: 14.739 Thread 0x000001f1425b2000 Exception <a 'java/lang/ClassNotFoundException'{0x000000008e28ba10}: org/gradle/internal/extensibility/DefaultExtraPropertiesExtensionBeanInfo> (0x000000008e28ba10) thrown at [./src/hotspot/share/classfile/systemDictionary.cpp, line 231]
Event: 14.741 Thread 0x000001f1425b2000 Exception <a 'java/lang/ClassNotFoundException'{0x000000008e2accd0}: groovy/lang/GroovyObjectSupportBeanInfo> (0x000000008e2accd0) thrown at [./src/hotspot/share/classfile/systemDictionary.cpp, line 231]
Event: 14.743 Thread 0x000001f1425b2000 Exception <a 'java/lang/ClassNotFoundException'{0x000000008e2ce280}: groovy/lang/GroovyObjectSupportCustomizer> (0x000000008e2ce280) thrown at [./src/hotspot/share/classfile/systemDictionary.cpp, line 231]
Event: 14.748 Thread 0x000001f1425b2000 Exception <a 'java/lang/ClassNotFoundException'{0x000000008e2f4a58}: org/gradle/internal/extensibility/DefaultExtraPropertiesExtensionCustomizer> (0x000000008e2f4a58) thrown at [./src/hotspot/share/classfile/systemDictionary.cpp, line 231]

Events (20 events):
Event: 14.831 loading class org/gradle/internal/classpath/CompositeTransformer
Event: 14.831 loading class org/gradle/internal/classpath/CompositeTransformer done
Event: 14.832 loading class org/gradle/internal/classpath/InstrumentingTransformer
Event: 14.832 loading class org/gradle/internal/classpath/InstrumentingTransformer done
Event: 14.833 loading class org/gradle/internal/classpath/InstrumentingBackwardsCompatibilityVisitor
Event: 14.833 loading class org/gradle/internal/classpath/InstrumentingBackwardsCompatibilityVisitor done
Event: 14.834 loading class org/gradle/internal/classpath/Instrumented
Event: 14.834 loading class org/gradle/internal/classpath/Instrumented done
Event: 14.835 loading class java/lang/invoke/SerializedLambda
Event: 14.835 loading class java/lang/invoke/SerializedLambda done
Event: 14.835 loading class org/gradle/internal/classpath/InstrumentingClasspathFileTransformer
Event: 14.835 loading class org/gradle/internal/classpath/InstrumentingClasspathFileTransformer done
Event: 14.837 loading class org/gradle/internal/classpath/ClasspathFileTransformer
Event: 14.837 loading class org/gradle/internal/classpath/ClasspathFileTransformer done
Event: 14.837 loading class org/gradle/internal/classpath/DefaultCachedClasspathTransformer
Event: 14.837 loading class org/gradle/internal/classpath/DefaultCachedClasspathTransformer done
Event: 14.837 loading class org/gradle/internal/classpath/DefaultCachedClasspathTransformer$ValueOrTransformProvider
Event: 14.837 loading class org/gradle/internal/classpath/DefaultCachedClasspathTransformer$ValueOrTransformProvider done
Event: 14.838 loading class org/gradle/internal/classpath/DefaultCachedClasspathTransformer
Event: 14.838 loading class org/gradle/internal/classpath/DefaultCachedClasspathTransformer done


Dynamic libraries:
0x00007ff74ad60000 - 0x00007ff74ad6a000 	C:\Program Files\Android\Android Studio\jre\bin\java.exe
0x00007ffb2eb10000 - 0x00007ffb2ed08000 	C:\Windows\SYSTEM32\ntdll.dll
0x00007ffb2e4c0000 - 0x00007ffb2e57d000 	C:\Windows\System32\KERNEL32.DLL
0x00007ffb2c230000 - 0x00007ffb2c4fe000 	C:\Windows\System32\KERNELBASE.dll
0x00007ffb2c5e0000 - 0x00007ffb2c6e0000 	C:\Windows\System32\ucrtbase.dll
0x00007ffafdaf0000 - 0x00007ffafdb07000 	C:\Program Files\Android\Android Studio\jre\bin\VCRUNTIME140.dll
0x00007ffafd190000 - 0x00007ffafd1a9000 	C:\Program Files\Android\Android Studio\jre\bin\jli.dll
0x00007ffb2cf00000 - 0x00007ffb2d0a0000 	C:\Windows\System32\USER32.dll
0x00007ffb1a0f0000 - 0x00007ffb1a38a000 	C:\Windows\WinSxS\amd64_microsoft.windows.common-controls_6595b64144ccf1df_6.0.19041.1110_none_60b5254171f9507e\COMCTL32.dll
0x00007ffb2caa0000 - 0x00007ffb2cac2000 	C:\Windows\System32\win32u.dll
0x00007ffb2ced0000 - 0x00007ffb2cefa000 	C:\Windows\System32\GDI32.dll
0x00007ffb2e6c0000 - 0x00007ffb2e75e000 	C:\Windows\System32\msvcrt.dll
0x00007ffb2c6e0000 - 0x00007ffb2c7eb000 	C:\Windows\System32\gdi32full.dll
0x00007ffb2cad0000 - 0x00007ffb2cb6d000 	C:\Windows\System32\msvcp_win.dll
0x00007ffb2ea20000 - 0x00007ffb2ea50000 	C:\Windows\System32\IMM32.DLL
0x00007ffac3330000 - 0x00007ffac33cd000 	C:\Program Files\Android\Android Studio\jre\bin\msvcp140.dll
0x00007ffae5a10000 - 0x00007ffae64f5000 	C:\Program Files\Android\Android Studio\jre\bin\server\jvm.dll
0x00007ffb2d320000 - 0x00007ffb2d3ce000 	C:\Windows\System32\ADVAPI32.dll
0x00007ffb2cbd0000 - 0x00007ffb2cc6c000 	C:\Windows\System32\sechost.dll
0x00007ffb2d0a0000 - 0x00007ffb2d1c5000 	C:\Windows\System32\RPCRT4.dll
0x00007ffb2e9a0000 - 0x00007ffb2e9a8000 	C:\Windows\System32\PSAPI.DLL
0x00007ffb18ef0000 - 0x00007ffb18f17000 	C:\Windows\SYSTEM32\WINMM.dll
0x00007ffb23f40000 - 0x00007ffb23f4a000 	C:\Windows\SYSTEM32\VERSION.dll
0x00007ffb0f9d0000 - 0x00007ffb0f9d9000 	C:\Windows\SYSTEM32\WSOCK32.dll
0x00007ffb2d3d0000 - 0x00007ffb2d43b000 	C:\Windows\System32\WS2_32.dll
0x00007ffb2aab0000 - 0x00007ffb2aac2000 	C:\Windows\SYSTEM32\kernel.appcore.dll
0x00007ffb04a20000 - 0x00007ffb04a31000 	C:\Program Files\Android\Android Studio\jre\bin\verify.dll
0x00007ffb29ee0000 - 0x00007ffb2a0c4000 	C:\Windows\SYSTEM32\DBGHELP.DLL
0x00007ffb21eb0000 - 0x00007ffb21edc000 	C:\Windows\SYSTEM32\dbgcore.DLL
0x00007ffb2c500000 - 0x00007ffb2c582000 	C:\Windows\System32\bcryptPrimitives.dll
0x00007ffafca20000 - 0x00007ffafca49000 	C:\Program Files\Android\Android Studio\jre\bin\java.dll
0x00007ffb0b070000 - 0x00007ffb0b07b000 	C:\Program Files\Android\Android Studio\jre\bin\jimage.dll
0x00007ffb04420000 - 0x00007ffb04438000 	C:\Program Files\Android\Android Studio\jre\bin\zip.dll
0x00007ffb2d8b0000 - 0x00007ffb2dff3000 	C:\Windows\System32\SHELL32.dll
0x00007ffb2a300000 - 0x00007ffb2aa95000 	C:\Windows\SYSTEM32\windows.storage.dll
0x00007ffb2e000000 - 0x00007ffb2e354000 	C:\Windows\System32\combase.dll
0x00007ffb2bc20000 - 0x00007ffb2bc50000 	C:\Windows\SYSTEM32\Wldp.dll
0x00007ffb2ce20000 - 0x00007ffb2cecd000 	C:\Windows\System32\SHCORE.dll
0x00007ffb2e890000 - 0x00007ffb2e8e5000 	C:\Windows\System32\shlwapi.dll
0x00007ffb2c170000 - 0x00007ffb2c18f000 	C:\Windows\SYSTEM32\profapi.dll
0x00007ffb04100000 - 0x00007ffb0411a000 	C:\Program Files\Android\Android Studio\jre\bin\net.dll
0x00007ffb28a70000 - 0x00007ffb28b7a000 	C:\Windows\SYSTEM32\WINHTTP.dll
0x00007ffb2b980000 - 0x00007ffb2b9ea000 	C:\Windows\system32\mswsock.dll
0x00007ffb03980000 - 0x00007ffb03994000 	C:\Program Files\Android\Android Studio\jre\bin\nio.dll
0x00007ffaf6720000 - 0x00007ffaf6747000 	C:\Users\lopez\.gradle\native\e1d6ef7f7dcc3fd88c89a11ec53ec762bb8ba0a96d01ffa2cd45eb1d1d8dd5c5\windows-amd64\native-platform.dll
0x00007ffac02b0000 - 0x00007ffac03f4000 	C:\Users\lopez\.gradle\native\5664cfc778a61ccfe75a443a1ab52a65af34e5dc3c78e0209fed803814484fcb\windows-amd64\native-platform-file-events.dll
0x00007ffb0acf0000 - 0x00007ffb0acfa000 	C:\Program Files\Android\Android Studio\jre\bin\management.dll
0x00007ffb0a900000 - 0x00007ffb0a90d000 	C:\Program Files\Android\Android Studio\jre\bin\management_ext.dll
0x00007ffb2bb70000 - 0x00007ffb2bb88000 	C:\Windows\SYSTEM32\CRYPTSP.dll
0x00007ffb2b300000 - 0x00007ffb2b334000 	C:\Windows\system32\rsaenh.dll
0x00007ffb2c7f0000 - 0x00007ffb2c817000 	C:\Windows\System32\bcrypt.dll
0x00007ffb2c0f0000 - 0x00007ffb2c11e000 	C:\Windows\SYSTEM32\USERENV.dll
0x00007ffb2bb90000 - 0x00007ffb2bb9c000 	C:\Windows\SYSTEM32\CRYPTBASE.dll
0x00007ffb2b670000 - 0x00007ffb2b6ab000 	C:\Windows\SYSTEM32\IPHLPAPI.DLL
0x00007ffb2e9b0000 - 0x00007ffb2e9b8000 	C:\Windows\System32\NSI.dll
0x00007ffb21f40000 - 0x00007ffb21f57000 	C:\Windows\SYSTEM32\dhcpcsvc6.DLL
0x00007ffb221a0000 - 0x00007ffb221bd000 	C:\Windows\SYSTEM32\dhcpcsvc.DLL
0x00007ffb2b6b0000 - 0x00007ffb2b77a000 	C:\Windows\SYSTEM32\DNSAPI.dll

dbghelp: loaded successfully - version: 4.0.5 - missing functions: none
symbol engine: initialized successfully - sym options: 0x614 - pdb path: .;C:\Program Files\Android\Android Studio\jre\bin;C:\Windows\SYSTEM32;C:\Windows\WinSxS\amd64_microsoft.windows.common-controls_6595b64144ccf1df_6.0.19041.1110_none_60b5254171f9507e;C:\Program Files\Android\Android Studio\jre\bin\server;C:\Users\lopez\.gradle\native\e1d6ef7f7dcc3fd88c89a11ec53ec762bb8ba0a96d01ffa2cd45eb1d1d8dd5c5\windows-amd64;C:\Users\lopez\.gradle\native\5664cfc778a61ccfe75a443a1ab52a65af34e5dc3c78e0209fed803814484fcb\windows-amd64

VM Arguments:
jvm_args: --add-opens=java.base/java.util=ALL-UNNAMED --add-opens=java.base/java.lang=ALL-UNNAMED --add-opens=java.base/java.lang.invoke=ALL-UNNAMED --add-opens=java.base/java.util=ALL-UNNAMED --add-opens=java.prefs/java.util.prefs=ALL-UNNAMED --add-opens=java.prefs/java.util.prefs=ALL-UNNAMED --add-opens=java.base/java.nio.charset=ALL-UNNAMED --add-opens=java.base/java.net=ALL-UNNAMED --add-opens=java.base/java.util.concurrent.atomic=ALL-UNNAMED -Xmx2048m -Dfile.encoding=UTF-8 -Duser.country=CA -Duser.language=en -Duser.variant 
java_command: org.gradle.launcher.daemon.bootstrap.GradleDaemon 7.3.3
java_class_path (initial): C:\Users\lopez\.gradle\wrapper\dists\gradle-7.3.3-bin\6a41zxkdtcxs8rphpq6y0069z\gradle-7.3.3\lib\gradle-launcher-7.3.3.jar
Launcher Type: SUN_STANDARD

[Global flags]
     intx CICompilerCount                          = 4                                         {product} {ergonomic}
     uint ConcGCThreads                            = 2                                         {product} {ergonomic}
     uint G1ConcRefinementThreads                  = 8                                         {product} {ergonomic}
   size_t G1HeapRegionSize                         = 1048576                                   {product} {ergonomic}
    uintx GCDrainStackTargetSize                   = 64                                        {product} {ergonomic}
   size_t InitialHeapSize                          = 266338304                                 {product} {ergonomic}
   size_t MarkStackSize                            = 4194304                                   {product} {ergonomic}
   size_t MaxHeapSize                              = 2147483648                                {product} {command line}
   size_t MaxNewSize                               = 1287651328                                {product} {ergonomic}
   size_t MinHeapDeltaBytes                        = 1048576                                   {product} {ergonomic}
    uintx NonNMethodCodeHeapSize                   = 5836300                                {pd product} {ergonomic}
    uintx NonProfiledCodeHeapSize                  = 122910970                              {pd product} {ergonomic}
    uintx ProfiledCodeHeapSize                     = 122910970                              {pd product} {ergonomic}
    uintx ReservedCodeCacheSize                    = 251658240                              {pd product} {ergonomic}
     bool SegmentedCodeCache                       = true                                      {product} {ergonomic}
     bool UseCompressedClassPointers               = true                                 {lp64_product} {ergonomic}
     bool UseCompressedOops                        = true                                 {lp64_product} {ergonomic}
     bool UseG1GC                                  = true                                      {product} {ergonomic}
     bool UseLargePagesIndividualAllocation        = false                                  {pd product} {ergonomic}

Logging:
Log output configuration:
 #0: stdout all=warning uptime,level,tags
 #1: stderr all=off uptime,level,tags

Environment Variables:
PATH=C:\Program Files\Common Files\Oracle\Java\javapath;C:\Windows\system32;C:\Windows;C:\Windows\System32\Wbem;C:\Windows\System32\WindowsPowerShell\v1.0\;C:\Windows\System32\OpenSSH\;C:\Program Files\Intel\WiFi\bin\;C:\Program Files\Common Files\Intel\WirelessCommon\;C:\Program Files\MySQL\MySQL Server 8.0\bin;C:\Program Files\Java\jdk-17.0.1\bin;C:\Users\lopez\AppData\Local\Programs\Python\Python310\;C:\Users\lopez\AppData\Local\Programs\Python\Python310\Scripts\;C:\Program Files\MongoDB\Server\5.0\bin;C:\Users\lopez\AppData\Local\Programs\mongodb-database-tools-windows-x86_64-100.5.1\bin;C:\Program Files\Git\cmd;C:\Users\lopez\.nvm;C:\Program Files\nodejs\;C:\xampp\php;C:\ProgramData\chocolatey\bin;C:\tools\dart-sdk\bin;C:\FlutterInstallation\flutter\bin;C:\Users\lopez\AppData\Local\Android\Sdk\tools;C:\Users\lopez\AppData\Local\Android\Sdk\platform-tools;C:\GradleInstallation\gradle-7.4.2\bin;C:\Users\lopez\AppData\Local\Programs\Python\Python310\Scripts\;C:\Users\lopez\AppData\Local\Programs\Python\Python310\;C:\Program Files\MySQL\MySQL Shell 8.0\bin\;C:\Users\lopez\AppData\Local\Microsoft\WindowsApps;C:\Users\lopez\AppData\Local\Programs\Microsoft VS Code\bin;C:\Users\lopez\AppData\Roaming\npm;C:\Program Files (x86)\Nmap;C:\tools\dart-sdk\bin;C:\Users\lopez\AppData\Roaming\Pub\Cache\bin;C:\Users\lopez\AppData\Local\Android\Sdk\tools;C:\Users\lopez\AppData\Local\Android\Sdk\platform-tools;
USERNAME=lopez
OS=Windows_NT
PROCESSOR_IDENTIFIER=Intel64 Family 6 Model 142 Stepping 10, GenuineIntel



---------------  S Y S T E M  ---------------

OS: Windows 10 , 64 bit Build 19041 (10.0.19041.1889)
OS uptime: 4 days 13:24 hours

CPU:total 8 (initial active 8) (4 cores per cpu, 2 threads per core) family 6 model 142 stepping 10 microcode 0xf0, cmov, cx8, fxsr, mmx, sse, sse2, sse3, ssse3, sse4.1, sse4.2, popcnt, avx, avx2, aes, clmul, erms, 3dnowpref, lzcnt, ht, tsc, tscinvbit, bmi1, bmi2, adx, fma

Memory: 4k page, system-wide physical 16207M (2571M free)
TotalPageFile size 46655M (AvailPageFile size 5M)
current process WorkingSet (physical memory assigned to process): 260M, peak: 263M
current process commit charge ("private bytes"): 450M, peak: 453M

vm_info: OpenJDK 64-Bit Server VM (11.0.12+7-b1504.28-7817840) for windows-amd64 JRE (11.0.12+7-b1504.28-7817840), built on Oct 13 2021 22:12:33 by "builder" with MS VC++ 14.0 (VS2015)

END.
